# JRE version: Java(TM) SE Runtime Environment (8.0_31-b13) (build 1.8.0_31-b13)
# Java VM: Java HotSpot(TM) Client VM (25.31-b07 mixed mode windows-x86 )
Heap:
 def new generation   total 53568K, used 50834K [0x04400000, 0x07e20000, 0x09950000)
  eden space 47616K,  95% used [0x04400000, 0x070779f8, 0x07280000)
  from space 5952K,  89% used [0x07850000, 0x07d7d010, 0x07e20000)
  to   space 5952K,   0% used [0x07280000, 0x07280000, 0x07850000)
 tenured generation   total 118956K, used 73941K [0x09950000, 0x10d7b000, 0x14400000)
   the space 118956K,  62% used [0x09950000, 0x0e185578, 0x0e185600, 0x10d7b000)
 Metaspace       used 9352K, capacity 9971K, committed 9984K, reserved 10624K
GC Heap History (10 events):
Event: 27.480 GC heap before
{Heap before GC invocations=14 (full 4):
 def new generation   total 24576K, used 24576K [0x04400000, 0x05ea0000, 0x09950000)
  eden space 21888K, 100% used [0x04400000, 0x05960000, 0x05960000)
  from space 2688K, 100% used [0x05960000, 0x05c00000, 0x05c00000)
  to   space 2688K,   0% used [0x05c00000, 0x05c00000, 0x05ea0000)
 tenured generation   total 78716K, used 69306K [0x09950000, 0x0e62f000, 0x14400000)
   the space 78716K,  88% used [0x09950000, 0x0dcfebe8, 0x0dcfec00, 0x0e62f000)
 Metaspace       used 9335K, capacity 9951K, committed 9984K, reserved 10624K
Event: 27.502 GC heap after
Heap after GC invocations=15 (full 4):
 def new generation   total 24576K, used 2688K [0x04400000, 0x05ea0000, 0x09950000)
  eden space 21888K,   0% used [0x04400000, 0x04400000, 0x05960000)
  from space 2688K, 100% used [0x05c00000, 0x05ea0000, 0x05ea0000)
  to   space 2688K,   0% used [0x05960000, 0x05960000, 0x05c00000)
 tenured generation   total 78716K, used 76181K [0x09950000, 0x0e62f000, 0x14400000)
   the space 78716K,  96% used [0x09950000, 0x0e3b5400, 0x0e3b5400, 0x0e62f000)
 Metaspace       used 9335K, capacity 9951K, committed 9984K, reserved 10624K
}
Event: 28.935 GC heap before
{Heap before GC invocations=15 (full 4):
 def new generation   total 24576K, used 24576K [0x04400000, 0x05ea0000, 0x09950000)
  eden space 21888K, 100% used [0x04400000, 0x05960000, 0x05960000)
  from space 2688K, 100% used [0x05c00000, 0x05ea0000, 0x05ea0000)
  to   space 2688K,   0% used [0x05960000, 0x05960000, 0x05c00000)
 tenured generation   total 78716K, used 76181K [0x09950000, 0x0e62f000, 0x14400000)
   the space 78716K,  96% used [0x09950000, 0x0e3b5400, 0x0e3b5400, 0x0e62f000)
 Metaspace       used 9335K, capacity 9951K, committed 9984K, reserved 10624K
Event: 28.991 GC heap after
Heap after GC invocations=16 (full 5):
 def new generation   total 53568K, used 0K [0x04400000, 0x07e20000, 0x09950000)
  eden space 47616K,   0% used [0x04400000, 0x04400000, 0x07280000)
  from space 5952K,   0% used [0x07280000, 0x07280000, 0x07850000)
  to   space 5952K,   0% used [0x07850000, 0x07850000, 0x07e20000)
 tenured generation   total 118956K, used 71372K [0x09950000, 0x10d7b000, 0x14400000)
   the space 118956K,  59% used [0x09950000, 0x0df03018, 0x0df03200, 0x10d7b000)
 Metaspace       used 9335K, capacity 9951K, committed 9984K, reserved 10624K
}
Event: 34.143 GC heap before
{Heap before GC invocations=16 (full 5):
 def new generation   total 53568K, used 47616K [0x04400000, 0x07e20000, 0x09950000)
  eden space 47616K, 100% used [0x04400000, 0x07280000, 0x07280000)
  from space 5952K,   0% used [0x07280000, 0x07280000, 0x07850000)
  to   space 5952K,   0% used [0x07850000, 0x07850000, 0x07e20000)
 tenured generation   total 118956K, used 71372K [0x09950000, 0x10d7b000, 0x14400000)
   the space 118956K,  59% used [0x09950000, 0x0df03018, 0x0df03200, 0x10d7b000)
 Metaspace       used 9335K, capacity 9951K, committed 9984K, reserved 10624K
Event: 34.151 GC heap after
Heap after GC invocations=17 (full 5):
 def new generation   total 53568K, used 4512K [0x04400000, 0x07e20000, 0x09950000)
  eden space 47616K,   0% used [0x04400000, 0x04400000, 0x07280000)
  from space 5952K,  75% used [0x07850000, 0x07cb8358, 0x07e20000)
  to   space 5952K,   0% used [0x07280000, 0x07280000, 0x07850000)
 tenured generation   total 118956K, used 71372K [0x09950000, 0x10d7b000, 0x14400000)
   the space 118956K,  59% used [0x09950000, 0x0df03018, 0x0df03200, 0x10d7b000)
 Metaspace       used 9335K, capacity 9951K, committed 9984K, reserved 10624K
}
Event: 38.057 GC heap before
{Heap before GC invocations=17 (full 5):
 def new generation   total 53568K, used 52128K [0x04400000, 0x07e20000, 0x09950000)
  eden space 47616K, 100% used [0x04400000, 0x07280000, 0x07280000)
  from space 5952K,  75% used [0x07850000, 0x07cb8358, 0x07e20000)
  to   space 5952K,   0% used [0x07280000, 0x07280000, 0x07850000)
 tenured generation   total 118956K, used 71372K [0x09950000, 0x10d7b000, 0x14400000)
   the space 118956K,  59% used [0x09950000, 0x0df03018, 0x0df03200, 0x10d7b000)
 Metaspace       used 9336K, capacity 9951K, committed 9984K, reserved 10624K
Event: 38.065 GC heap after
Heap after GC invocations=18 (full 5):
 def new generation   total 53568K, used 4624K [0x04400000, 0x07e20000, 0x09950000)
  eden space 47616K,   0% used [0x04400000, 0x04400000, 0x07280000)
  from space 5952K,  77% used [0x07280000, 0x07704378, 0x07850000)
  to   space 5952K,   0% used [0x07850000, 0x07850000, 0x07e20000)
 tenured generation   total 118956K, used 72706K [0x09950000, 0x10d7b000, 0x14400000)
   the space 118956K,  61% used [0x09950000, 0x0e050b50, 0x0e050c00, 0x10d7b000)
 Metaspace       used 9336K, capacity 9951K, committed 9984K, reserved 10624K
}
Event: 41.711 GC heap before
{Heap before GC invocations=18 (full 5):
 def new generation   total 53568K, used 52240K [0x04400000, 0x07e20000, 0x09950000)
  eden space 47616K, 100% used [0x04400000, 0x07280000, 0x07280000)
  from space 5952K,  77% used [0x07280000, 0x07704378, 0x07850000)
  to   space 5952K,   0% used [0x07850000, 0x07850000, 0x07e20000)
 tenured generation   total 118956K, used 72706K [0x09950000, 0x10d7b000, 0x14400000)
   the space 118956K,  61% used [0x09950000, 0x0e050b50, 0x0e050c00, 0x10d7b000)
 Metaspace       used 9336K, capacity 9951K, committed 9984K, reserved 10624K
Event: 41.722 GC heap after
Heap after GC invocations=19 (full 5):
 def new generation   total 53568K, used 5300K [0x04400000, 0x07e20000, 0x09950000)
  eden space 47616K,   0% used [0x04400000, 0x04400000, 0x07280000)
  from space 5952K,  89% used [0x07850000, 0x07d7d010, 0x07e20000)
  to   space 5952K,   0% used [0x07280000, 0x07280000, 0x07850000)
 tenured generation   total 118956K, used 73941K [0x09950000, 0x10d7b000, 0x14400000)
   the space 118956K,  62% used [0x09950000, 0x0e185578, 0x0e185600, 0x10d7b000)
 Metaspace       used 9336K, capacity 9951K, committed 9984K, reserved 10624K
}

