# JRE version: Java(TM) SE Runtime Environment (8.0_31-b13) (build 1.8.0_31-b13)
# Java VM: Java HotSpot(TM) Client VM (25.31-b07 mixed mode windows-x86 )
Heap:
 def new generation   total 54080K, used 30633K [0x04a00000, 0x084a0000, 0x09f50000)
  eden space 48128K,  51% used [0x04a00000, 0x0621a6e0, 0x07900000)
  from space 5952K, 100% used [0x07900000, 0x07ed0000, 0x07ed0000)
  to   space 5952K,   0% used [0x07ed0000, 0x07ed0000, 0x084a0000)
 tenured generation   total 119972K, used 77350K [0x09f50000, 0x11479000, 0x14a00000)
   the space 119972K,  64% used [0x09f50000, 0x0ead9a18, 0x0ead9c00, 0x11479000)
 Metaspace       used 9320K, capacity 9942K, committed 9984K, reserved 10624K
GC Heap History (10 events):
Event: 68.126 GC heap before
{Heap before GC invocations=19 (full 4):
 def new generation   total 24768K, used 24768K [0x04a00000, 0x064e0000, 0x09f50000)
  eden space 22016K, 100% used [0x04a00000, 0x05f80000, 0x05f80000)
  from space 2752K, 100% used [0x06230000, 0x064e0000, 0x064e0000)
  to   space 2752K,   0% used [0x05f80000, 0x05f80000, 0x06230000)
 tenured generation   total 79200K, used 76029K [0x09f50000, 0x0eca8000, 0x14a00000)
   the space 79200K,  95% used [0x09f50000, 0x0e98f700, 0x0e98f800, 0x0eca8000)
 Metaspace       used 9248K, capacity 9789K, committed 9856K, reserved 10624K
Event: 68.183 GC heap after
Heap after GC invocations=20 (full 5):
 def new generation   total 54080K, used 0K [0x04a00000, 0x084a0000, 0x09f50000)
  eden space 48128K,   0% used [0x04a00000, 0x04a00000, 0x07900000)
  from space 5952K,   0% used [0x07900000, 0x07900000, 0x07ed0000)
  to   space 5952K,   0% used [0x07ed0000, 0x07ed0000, 0x084a0000)
 tenured generation   total 119972K, used 71983K [0x09f50000, 0x11479000, 0x14a00000)
   the space 119972K,  59% used [0x09f50000, 0x0e59bc98, 0x0e59be00, 0x11479000)
 Metaspace       used 9248K, capacity 9789K, committed 9856K, reserved 10624K
}
Event: 73.209 GC heap before
{Heap before GC invocations=20 (full 5):
 def new generation   total 54080K, used 48128K [0x04a00000, 0x084a0000, 0x09f50000)
  eden space 48128K, 100% used [0x04a00000, 0x07900000, 0x07900000)
  from space 5952K,   0% used [0x07900000, 0x07900000, 0x07ed0000)
  to   space 5952K,   0% used [0x07ed0000, 0x07ed0000, 0x084a0000)
 tenured generation   total 119972K, used 71983K [0x09f50000, 0x11479000, 0x14a00000)
   the space 119972K,  59% used [0x09f50000, 0x0e59bc98, 0x0e59be00, 0x11479000)
 Metaspace       used 9248K, capacity 9789K, committed 9856K, reserved 10624K
Event: 73.224 GC heap after
Heap after GC invocations=21 (full 5):
 def new generation   total 54080K, used 5952K [0x04a00000, 0x084a0000, 0x09f50000)
  eden space 48128K,   0% used [0x04a00000, 0x04a00000, 0x07900000)
  from space 5952K, 100% used [0x07ed0000, 0x084a0000, 0x084a0000)
  to   space 5952K,   0% used [0x07900000, 0x07900000, 0x07ed0000)
 tenured generation   total 119972K, used 72617K [0x09f50000, 0x11479000, 0x14a00000)
   the space 119972K,  60% used [0x09f50000, 0x0e63a778, 0x0e63a800, 0x11479000)
 Metaspace       used 9248K, capacity 9789K, committed 9856K, reserved 10624K
}
Event: 75.116 GC heap before
{Heap before GC invocations=21 (full 5):
 def new generation   total 54080K, used 54080K [0x04a00000, 0x084a0000, 0x09f50000)
  eden space 48128K, 100% used [0x04a00000, 0x07900000, 0x07900000)
  from space 5952K, 100% used [0x07ed0000, 0x084a0000, 0x084a0000)
  to   space 5952K,   0% used [0x07900000, 0x07900000, 0x07ed0000)
 tenured generation   total 119972K, used 72617K [0x09f50000, 0x11479000, 0x14a00000)
   the space 119972K,  60% used [0x09f50000, 0x0e63a778, 0x0e63a800, 0x11479000)
 Metaspace       used 9248K, capacity 9789K, committed 9856K, reserved 10624K
Event: 75.131 GC heap after
Heap after GC invocations=22 (full 5):
 def new generation   total 54080K, used 5952K [0x04a00000, 0x084a0000, 0x09f50000)
  eden space 48128K,   0% used [0x04a00000, 0x04a00000, 0x07900000)
  from space 5952K, 100% used [0x07900000, 0x07ed0000, 0x07ed0000)
  to   space 5952K,   0% used [0x07ed0000, 0x07ed0000, 0x084a0000)
 tenured generation   total 119972K, used 75326K [0x09f50000, 0x11479000, 0x14a00000)
   the space 119972K,  62% used [0x09f50000, 0x0e8dfad0, 0x0e8dfc00, 0x11479000)
 Metaspace       used 9248K, capacity 9789K, committed 9856K, reserved 10624K
}
Event: 77.940 GC heap before
{Heap before GC invocations=22 (full 5):
 def new generation   total 54080K, used 54080K [0x04a00000, 0x084a0000, 0x09f50000)
  eden space 48128K, 100% used [0x04a00000, 0x07900000, 0x07900000)
  from space 5952K, 100% used [0x07900000, 0x07ed0000, 0x07ed0000)
  to   space 5952K,   0% used [0x07ed0000, 0x07ed0000, 0x084a0000)
 tenured generation   total 119972K, used 75326K [0x09f50000, 0x11479000, 0x14a00000)
   the space 119972K,  62% used [0x09f50000, 0x0e8dfad0, 0x0e8dfc00, 0x11479000)
 Metaspace       used 9248K, capacity 9789K, committed 9856K, reserved 10624K
Event: 77.954 GC heap after
Heap after GC invocations=23 (full 5):
 def new generation   total 54080K, used 4868K [0x04a00000, 0x084a0000, 0x09f50000)
  eden space 48128K,   0% used [0x04a00000, 0x04a00000, 0x07900000)
  from space 5952K,  81% used [0x07ed0000, 0x083913b0, 0x084a0000)
  to   space 5952K,   0% used [0x07900000, 0x07900000, 0x07ed0000)
 tenured generation   total 119972K, used 76178K [0x09f50000, 0x11479000, 0x14a00000)
   the space 119972K,  63% used [0x09f50000, 0x0e9b4b80, 0x0e9b4c00, 0x11479000)
 Metaspace       used 9248K, capacity 9789K, committed 9856K, reserved 10624K
}
Event: 80.958 GC heap before
{Heap before GC invocations=23 (full 5):
 def new generation   total 54080K, used 52996K [0x04a00000, 0x084a0000, 0x09f50000)
  eden space 48128K, 100% used [0x04a00000, 0x07900000, 0x07900000)
  from space 5952K,  81% used [0x07ed0000, 0x083913b0, 0x084a0000)
  to   space 5952K,   0% used [0x07900000, 0x07900000, 0x07ed0000)
 tenured generation   total 119972K, used 76178K [0x09f50000, 0x11479000, 0x14a00000)
   the space 119972K,  63% used [0x09f50000, 0x0e9b4b80, 0x0e9b4c00, 0x11479000)
 Metaspace       used 9259K, capacity 9799K, committed 9856K, reserved 10624K
Event: 80.970 GC heap after
Heap after GC invocations=24 (full 5):
 def new generation   total 54080K, used 5952K [0x04a00000, 0x084a0000, 0x09f50000)
  eden space 48128K,   0% used [0x04a00000, 0x04a00000, 0x07900000)
  from space 5952K, 100% used [0x07900000, 0x07ed0000, 0x07ed0000)
  to   space 5952K,   0% used [0x07ed0000, 0x07ed0000, 0x084a0000)
 tenured generation   total 119972K, used 77350K [0x09f50000, 0x11479000, 0x14a00000)
   the space 119972K,  64% used [0x09f50000, 0x0ead9a18, 0x0ead9c00, 0x11479000)
 Metaspace       used 9259K, capacity 9799K, committed 9856K, reserved 10624K
}

